-------------------------------------------------------------------------------
Test set: ch.qos.logback.core.joran.conditional.IfThenElseTest
-------------------------------------------------------------------------------
Tests run: 8, Failures: 0, Errors: 0, Skipped: 0, Time elapsed: 0.66 sec
whenContextPropertyIsSet_IfThenBranchIsEvaluated_NO_ELSE_DEFINED(ch.qos.logback.core.joran.conditional.IfThenElseTest)  Time elapsed: 0 secwhenNoPropertyIsDefined_IfThenBranchIsNotEvaluated_NO_ELSE_DEFINED(ch.qos.logback.core.joran.conditional.IfThenElseTest)  Time elapsed: 0 secnestedIf(ch.qos.logback.core.joran.conditional.IfThenElseTest)  Time elapsed: 0 secuseNonExistenceOfSystemPropertyToDefineAContextProperty(ch.qos.logback.core.joran.conditional.IfThenElseTest)  Time elapsed: 0 secnoContextPropertyShouldBeDefinedIfSystemPropertyExists(ch.qos.logback.core.joran.conditional.IfThenElseTest)  Time elapsed: 0 secwhenContextPropertyIsSet_IfThenBranchIsEvaluated(ch.qos.logback.core.joran.conditional.IfThenElseTest)  Time elapsed: 0 secwhenLocalPropertyIsSet_IfThenBranchIsEvaluated(ch.qos.logback.core.joran.conditional.IfThenElseTest)  Time elapsed: 0 secwhenNoPropertyIsDefined_ElseBranchIsEvaluated(ch.qos.logback.core.joran.conditional.IfThenElseTest)  Time elapsed: 0 sec