-------------------------------------------------------------------------------
Test set: ch.qos.logback.core.appender.FileAppenderTest
-------------------------------------------------------------------------------
Tests run: 6, Failures: 0, Errors: 0, Skipped: 0, Time elapsed: 0.075 sec
testCreateParentFolders(ch.qos.logback.core.appender.FileAppenderTest)  Time elapsed: 0 secsmoke(ch.qos.logback.core.appender.FileAppenderTest)  Time elapsed: 0 sectestPrudentModeLogicalImplications(ch.qos.logback.core.appender.FileAppenderTest)  Time elapsed: 0 sectestConfiguredAppender(ch.qos.logback.core.appender.FileAppenderTest)  Time elapsed: 0 sectestNoStart(ch.qos.logback.core.appender.FileAppenderTest)  Time elapsed: 0.001 sectestNewAppender(ch.qos.logback.core.appender.FileAppenderTest)  Time elapsed: 0 sec