-------------------------------------------------------------------------------
Test set: ch.qos.logback.core.joran.replay.FruitConfigurationTest
-------------------------------------------------------------------------------
Tests run: 3, Failures: 0, Errors: 0, Skipped: 0, Time elapsed: 0.287 sec
withSubst(ch.qos.logback.core.joran.replay.FruitConfigurationTest)  Time elapsed: 0 secfruit2(ch.qos.logback.core.joran.replay.FruitConfigurationTest)  Time elapsed: 0 secfruit1(ch.qos.logback.core.joran.replay.FruitConfigurationTest)  Time elapsed: 0 sec