-------------------------------------------------------------------------------
Test set: ch.qos.logback.core.rolling.TimeBasedRollingWithArchiveRemoval_STest
-------------------------------------------------------------------------------
Tests run: 11, Failures: 0, Errors: 0, Skipped: 0, Time elapsed: 4.288 sec
dailyChronologSizeBasedRolloverWithSecondPhase(ch.qos.logback.core.rolling.TimeBasedRollingWithArchiveRemoval_STest)  Time elapsed: 0 secdailyRolloverWithSecondPhase(ch.qos.logback.core.rolling.TimeBasedRollingWithArchiveRemoval_STest)  Time elapsed: 0 secdailyCronologRollover(ch.qos.logback.core.rolling.TimeBasedRollingWithArchiveRemoval_STest)  Time elapsed: 0 secdailySizeBasedRollover(ch.qos.logback.core.rolling.TimeBasedRollingWithArchiveRemoval_STest)  Time elapsed: 0 seccleanHistoryOnStart(ch.qos.logback.core.rolling.TimeBasedRollingWithArchiveRemoval_STest)  Time elapsed: 0.001 secmonthlyRolloverOverManyPeriods(ch.qos.logback.core.rolling.TimeBasedRollingWithArchiveRemoval_STest)  Time elapsed: 0 secdailyRolloverWithInactivity70(ch.qos.logback.core.rolling.TimeBasedRollingWithArchiveRemoval_STest)  Time elapsed: 0 secdailyRolloverWithInactivity10(ch.qos.logback.core.rolling.TimeBasedRollingWithArchiveRemoval_STest)  Time elapsed: 0 secdailyChronologSizeBasedRollover(ch.qos.logback.core.rolling.TimeBasedRollingWithArchiveRemoval_STest)  Time elapsed: 0 secbasicDailyRollover(ch.qos.logback.core.rolling.TimeBasedRollingWithArchiveRemoval_STest)  Time elapsed: 0 secdailyRollover15(ch.qos.logback.core.rolling.TimeBasedRollingWithArchiveRemoval_STest)  Time elapsed: 0 sec