-------------------------------------------------------------------------------
Test set: ch.qos.logback.core.rolling.helper.RollingCalendarTest
-------------------------------------------------------------------------------
Tests run: 3, Failures: 0, Errors: 0, Skipped: 0, Time elapsed: 0.045 sec
testVaryingNumberOfHourlyPeriods(ch.qos.logback.core.rolling.helper.RollingCalendarTest)  Time elapsed: 0 sectestVaryingNumberOfDailyPeriods(ch.qos.logback.core.rolling.helper.RollingCalendarTest)  Time elapsed: 0 sectestPeriodicity(ch.qos.logback.core.rolling.helper.RollingCalendarTest)  Time elapsed: 0 sec