-------------------------------------------------------------------------------
Test set: ch.qos.logback.core.joran.util.PropertySetterTest
-------------------------------------------------------------------------------
Tests run: 16, Failures: 0, Errors: 0, Skipped: 0, Time elapsed: 0.108 sec
testSetComplexWithCamelCaseName(ch.qos.logback.core.joran.util.PropertySetterTest)  Time elapsed: 0 sectestDefaultClassAnnotationForLists(ch.qos.logback.core.joran.util.PropertySetterTest)  Time elapsed: 0 sectestgetClassNameViaImplicitRules(ch.qos.logback.core.joran.util.PropertySetterTest)  Time elapsed: 0 sectestgetComplexPropertyColleClassNameViaImplicitRules(ch.qos.logback.core.joran.util.PropertySetterTest)  Time elapsed: 0 sectestEnum(ch.qos.logback.core.joran.util.PropertySetterTest)  Time elapsed: 0 sectestFileSize(ch.qos.logback.core.joran.util.PropertySetterTest)  Time elapsed: 0 sectestDuration(ch.qos.logback.core.joran.util.PropertySetterTest)  Time elapsed: 0 sectestSetComplexProperty(ch.qos.logback.core.joran.util.PropertySetterTest)  Time elapsed: 0 sectestCanAggregateComponent(ch.qos.logback.core.joran.util.PropertySetterTest)  Time elapsed: 0.002 sectestPropertyCollection(ch.qos.logback.core.joran.util.PropertySetterTest)  Time elapsed: 0 sectestComplexCollection(ch.qos.logback.core.joran.util.PropertySetterTest)  Time elapsed: 0 sectestDefaultClassAnnonation(ch.qos.logback.core.joran.util.PropertySetterTest)  Time elapsed: 0 sectestSetProperty(ch.qos.logback.core.joran.util.PropertySetterTest)  Time elapsed: 0 sectestSetCamelProperty(ch.qos.logback.core.joran.util.PropertySetterTest)  Time elapsed: 0 sectestFilterReply(ch.qos.logback.core.joran.util.PropertySetterTest)  Time elapsed: 0 seccharset(ch.qos.logback.core.joran.util.PropertySetterTest)  Time elapsed: 0 sec