-------------------------------------------------------------------------------
Test set: ch.qos.logback.core.joran.conditional.PropertyEvalScriptBuilderTest
-------------------------------------------------------------------------------
Tests run: 9, Failures: 0, Errors: 0, Skipped: 0, Time elapsed: 0.587 sec
isNullForExistingSystemProperty(ch.qos.logback.core.joran.conditional.PropertyEvalScriptBuilderTest)  Time elapsed: 0 secisNullForExistingContextProperty(ch.qos.logback.core.joran.conditional.PropertyEvalScriptBuilderTest)  Time elapsed: 0 secisNullForExistingLocalProperty(ch.qos.logback.core.joran.conditional.PropertyEvalScriptBuilderTest)  Time elapsed: 0 secisNullForInexistentPropertyShouldEvaluateToTrue(ch.qos.logback.core.joran.conditional.PropertyEvalScriptBuilderTest)  Time elapsed: 0 secisDefinedForInexistentPropertyShouldEvaluateToTrue(ch.qos.logback.core.joran.conditional.PropertyEvalScriptBuilderTest)  Time elapsed: 0 secexistingLocalPropertyShouldEvaluateToTrue(ch.qos.logback.core.joran.conditional.PropertyEvalScriptBuilderTest)  Time elapsed: 0 secexistingContextPropertyShouldEvaluateToTrue(ch.qos.logback.core.joran.conditional.PropertyEvalScriptBuilderTest)  Time elapsed: 0 secexistingSystemPropertyShouldEvaluateToTrue(ch.qos.logback.core.joran.conditional.PropertyEvalScriptBuilderTest)  Time elapsed: 0 secinexistentPropertyShouldEvaluateToFalse(ch.qos.logback.core.joran.conditional.PropertyEvalScriptBuilderTest)  Time elapsed: 0 sec