-------------------------------------------------------------------------------
Test set: ch.qos.logback.core.rolling.RollingFileAppenderTest
-------------------------------------------------------------------------------
Tests run: 10, Failures: 0, Errors: 0, Skipped: 0, Time elapsed: 0.027 sec
testPrudentModeLogicalImplications(ch.qos.logback.core.rolling.RollingFileAppenderTest)  Time elapsed: 0 sectestFilePropertyAfterTriggeringPolicy(ch.qos.logback.core.rolling.RollingFileAppenderTest)  Time elapsed: 0 sectestFilePropertyAfterRollingPolicy(ch.qos.logback.core.rolling.RollingFileAppenderTest)  Time elapsed: 0 sectestPrudentModeLogicalImplicationsOnCompression(ch.qos.logback.core.rolling.RollingFileAppenderTest)  Time elapsed: 0 sectestFileNameWithParenthesis(ch.qos.logback.core.rolling.RollingFileAppenderTest)  Time elapsed: 0 secstopTimeBasedRollingPolicy(ch.qos.logback.core.rolling.RollingFileAppenderTest)  Time elapsed: 0 secstopFixedWindowRollingPolicy(ch.qos.logback.core.rolling.RollingFileAppenderTest)  Time elapsed: 0.001 sectestConfiguredAppender(ch.qos.logback.core.rolling.RollingFileAppenderTest)  Time elapsed: 0 sectestNoStart(ch.qos.logback.core.rolling.RollingFileAppenderTest)  Time elapsed: 0 sectestNewAppender(ch.qos.logback.core.rolling.RollingFileAppenderTest)  Time elapsed: 0 sec