-------------------------------------------------------------------------------
Test set: ch.qos.logback.core.util.TimeUtilTest
-------------------------------------------------------------------------------
Tests run: 6, Failures: 0, Errors: 0, Skipped: 0, Time elapsed: 0.003 sec
testMonth(ch.qos.logback.core.util.TimeUtilTest)  Time elapsed: 0 sectestWeek(ch.qos.logback.core.util.TimeUtilTest)  Time elapsed: 0 sectestDay(ch.qos.logback.core.util.TimeUtilTest)  Time elapsed: 0 sectestHour(ch.qos.logback.core.util.TimeUtilTest)  Time elapsed: 0 sectestMinute(ch.qos.logback.core.util.TimeUtilTest)  Time elapsed: 0 sectestSecond(ch.qos.logback.core.util.TimeUtilTest)  Time elapsed: 0 sec