-------------------------------------------------------------------------------
Test set: ch.qos.logback.core.joran.event.SaxEventRecorderTest
-------------------------------------------------------------------------------
Tests run: 4, Failures: 0, Errors: 0, Skipped: 0, Time elapsed: 0.236 sec
test3(ch.qos.logback.core.joran.event.SaxEventRecorderTest)  Time elapsed: 0 sectest2(ch.qos.logback.core.joran.event.SaxEventRecorderTest)  Time elapsed: 0 sectest1(ch.qos.logback.core.joran.event.SaxEventRecorderTest)  Time elapsed: 0 secbodyWithSpacesAndQuotes(ch.qos.logback.core.joran.event.SaxEventRecorderTest)  Time elapsed: 0 sec