-------------------------------------------------------------------------------
Test set: ch.qos.logback.core.rolling.TimeBasedRolling_STest
-------------------------------------------------------------------------------
Tests run: 10, Failures: 0, Errors: 0, Skipped: 0, Time elapsed: 0.496 sec
failed_rename(ch.qos.logback.core.rolling.TimeBasedRolling_STest)  Time elapsed: 0 secnoCompression_FileSet_StopRestart_WithLongWait_4B(ch.qos.logback.core.rolling.TimeBasedRolling_STest)  Time elapsed: 0 secwithCompression_FileSet_NoRestart_6(ch.qos.logback.core.rolling.TimeBasedRolling_STest)  Time elapsed: 0.006 secnoCompression_FileSet_NoRestart_5(ch.qos.logback.core.rolling.TimeBasedRolling_STest)  Time elapsed: 0 secnoCompression_FileBlank_NoRestart_1(ch.qos.logback.core.rolling.TimeBasedRolling_STest)  Time elapsed: 0 secnoCompression_FileSet_StopRestart_4(ch.qos.logback.core.rolling.TimeBasedRolling_STest)  Time elapsed: 0.005 secwithCompression_FileBlank_NoRestart_2(ch.qos.logback.core.rolling.TimeBasedRolling_STest)  Time elapsed: 0 secnoCompression_FileBlank_StopRestart_3(ch.qos.logback.core.rolling.TimeBasedRolling_STest)  Time elapsed: 0.006 secwithMissingTargetDirWithZipCompression(ch.qos.logback.core.rolling.TimeBasedRolling_STest)  Time elapsed: 0 secwithMissingTargetDirWithCompression(ch.qos.logback.core.rolling.TimeBasedRolling_STest)  Time elapsed: 0.004 sec