-------------------------------------------------------------------------------
Test set: ch.qos.logback.core.rolling.TimeBasedFileNamingAndTriggeringPolicyBaseTest
-------------------------------------------------------------------------------
Tests run: 2, Failures: 0, Errors: 0, Skipped: 0, Time elapsed: 0.003 sec
singleDate(ch.qos.logback.core.rolling.TimeBasedFileNamingAndTriggeringPolicyBaseTest)  Time elapsed: 0 secmultiDate(ch.qos.logback.core.rolling.TimeBasedFileNamingAndTriggeringPolicyBaseTest)  Time elapsed: 0 sec