-------------------------------------------------------------------------------
Test set: ch.qos.logback.core.pattern.parser.SamplePatternLayoutTest
-------------------------------------------------------------------------------
Tests run: 9, Failures: 0, Errors: 0, Skipped: 0, Time elapsed: 0.016 sec
testEscapeBothParentheses(ch.qos.logback.core.pattern.parser.SamplePatternLayoutTest)  Time elapsed: 0 sectestEscapeClosingParentheses(ch.qos.logback.core.pattern.parser.SamplePatternLayoutTest)  Time elapsed: 0 sectestPercentAsLiteral(ch.qos.logback.core.pattern.parser.SamplePatternLayoutTest)  Time elapsed: 0 sectestOK(ch.qos.logback.core.pattern.parser.SamplePatternLayoutTest)  Time elapsed: 0 sectestConverterStart(ch.qos.logback.core.pattern.parser.SamplePatternLayoutTest)  Time elapsed: 0 sectestUnStarted(ch.qos.logback.core.pattern.parser.SamplePatternLayoutTest)  Time elapsed: 0 sectestNullPattern(ch.qos.logback.core.pattern.parser.SamplePatternLayoutTest)  Time elapsed: 0.001 sectestEmptyPattern(ch.qos.logback.core.pattern.parser.SamplePatternLayoutTest)  Time elapsed: 0 sectestStarted(ch.qos.logback.core.pattern.parser.SamplePatternLayoutTest)  Time elapsed: 0 sec