-------------------------------------------------------------------------------
Test set: ch.qos.logback.core.util.DatePatternToRegexTest
-------------------------------------------------------------------------------
Tests run: 7, Failures: 0, Errors: 0, Skipped: 0, Time elapsed: 0.005 sec
dayInWeek(ch.qos.logback.core.util.DatePatternToRegexTest)  Time elapsed: 0 sectimeZone(ch.qos.logback.core.util.DatePatternToRegexTest)  Time elapsed: 0 secwithQuotes(ch.qos.logback.core.util.DatePatternToRegexTest)  Time elapsed: 0 secISO8601(ch.qos.logback.core.util.DatePatternToRegexTest)  Time elapsed: 0 secamPm(ch.qos.logback.core.util.DatePatternToRegexTest)  Time elapsed: 0 secmonth(ch.qos.logback.core.util.DatePatternToRegexTest)  Time elapsed: 0 secdot(ch.qos.logback.core.util.DatePatternToRegexTest)  Time elapsed: 0 sec