-------------------------------------------------------------------------------
Test set: ch.qos.logback.core.OutputStreamAppenderTest
-------------------------------------------------------------------------------
Tests run: 5, Failures: 0, Errors: 0, Skipped: 0, Time elapsed: 0.007 sec
smoke(ch.qos.logback.core.OutputStreamAppenderTest)  Time elapsed: 0 secnullPresentationFooter(ch.qos.logback.core.OutputStreamAppenderTest)  Time elapsed: 0 secnullPresentationHeader(ch.qos.logback.core.OutputStreamAppenderTest)  Time elapsed: 0 secnullFileFooter(ch.qos.logback.core.OutputStreamAppenderTest)  Time elapsed: 0 secnullFileHeader(ch.qos.logback.core.OutputStreamAppenderTest)  Time elapsed: 0 sec