-------------------------------------------------------------------------------
Test set: ch.qos.logback.core.spi.CyclicBufferTrackerImplTest
-------------------------------------------------------------------------------
Tests run: 4, Failures: 0, Errors: 0, Skipped: 0, Time elapsed: 0.001 sec
smoke(ch.qos.logback.core.spi.CyclicBufferTrackerImplTest)  Time elapsed: 0 secempty0(ch.qos.logback.core.spi.CyclicBufferTrackerImplTest)  Time elapsed: 0 secempty1(ch.qos.logback.core.spi.CyclicBufferTrackerImplTest)  Time elapsed: 0 secdestroy(ch.qos.logback.core.spi.CyclicBufferTrackerImplTest)  Time elapsed: 0 sec