-------------------------------------------------------------------------------
Test set: ch.qos.logback.core.joran.spi.PatternTest
-------------------------------------------------------------------------------
Tests run: 9, Failures: 0, Errors: 0, Skipped: 0, Time elapsed: 0.001 sec
test3(ch.qos.logback.core.joran.spi.PatternTest)  Time elapsed: 0 sectest2(ch.qos.logback.core.joran.spi.PatternTest)  Time elapsed: 0 sectest1(ch.qos.logback.core.joran.spi.PatternTest)  Time elapsed: 0 sectestPrefixMatch(ch.qos.logback.core.joran.spi.PatternTest)  Time elapsed: 0 sectestTailMatch(ch.qos.logback.core.joran.spi.PatternTest)  Time elapsed: 0 sectest6(ch.qos.logback.core.joran.spi.PatternTest)  Time elapsed: 0 sectest5(ch.qos.logback.core.joran.spi.PatternTest)  Time elapsed: 0 sectest4(ch.qos.logback.core.joran.spi.PatternTest)  Time elapsed: 0 sectestSuffix(ch.qos.logback.core.joran.spi.PatternTest)  Time elapsed: 0 sec