-------------------------------------------------------------------------------
Test set: ch.qos.logback.core.joran.spi.SimpleRuleStoreTest
-------------------------------------------------------------------------------
Tests run: 11, Failures: 0, Errors: 0, Skipped: 0, Time elapsed: 0.011 sec
smoke(ch.qos.logback.core.joran.spi.SimpleRuleStoreTest)  Time elapsed: 0 sectestPrefixSuffixInteraction1(ch.qos.logback.core.joran.spi.SimpleRuleStoreTest)  Time elapsed: 0 sectestPrefixSuffixInteraction2(ch.qos.logback.core.joran.spi.SimpleRuleStoreTest)  Time elapsed: 0 sectestSlashSuffix(ch.qos.logback.core.joran.spi.SimpleRuleStoreTest)  Time elapsed: 0 sectestDeepSuffix(ch.qos.logback.core.joran.spi.SimpleRuleStoreTest)  Time elapsed: 0 sectestSuffix(ch.qos.logback.core.joran.spi.SimpleRuleStoreTest)  Time elapsed: 0 sectestTail2(ch.qos.logback.core.joran.spi.SimpleRuleStoreTest)  Time elapsed: 0 sectestTail1(ch.qos.logback.core.joran.spi.SimpleRuleStoreTest)  Time elapsed: 0 secsmokeII(ch.qos.logback.core.joran.spi.SimpleRuleStoreTest)  Time elapsed: 0 sectestTail3(ch.qos.logback.core.joran.spi.SimpleRuleStoreTest)  Time elapsed: 0 sectestTail4(ch.qos.logback.core.joran.spi.SimpleRuleStoreTest)  Time elapsed: 0 sec