-------------------------------------------------------------------------------
Test set: ch.qos.logback.core.pattern.parser.TokenStreamTest
-------------------------------------------------------------------------------
Tests run: 17, Failures: 0, Errors: 0, Skipped: 0, Time elapsed: 0.002 sec
testBasic(ch.qos.logback.core.pattern.parser.TokenStreamTest)  Time elapsed: 0 seccompositedKeyword(ch.qos.logback.core.pattern.parser.TokenStreamTest)  Time elapsed: 0 sectestComplexNR(ch.qos.logback.core.pattern.parser.TokenStreamTest)  Time elapsed: 0 sectestSingleLiteral(ch.qos.logback.core.pattern.parser.TokenStreamTest)  Time elapsed: 0 seccompositedKeywordFollowedByOptions(ch.qos.logback.core.pattern.parser.TokenStreamTest)  Time elapsed: 0 sectestNested(ch.qos.logback.core.pattern.parser.TokenStreamTest)  Time elapsed: 0 sectestEmpty(ch.qos.logback.core.pattern.parser.TokenStreamTest)  Time elapsed: 0 sectestEmptyP(ch.qos.logback.core.pattern.parser.TokenStreamTest)  Time elapsed: 0 sectestEmptyP2(ch.qos.logback.core.pattern.parser.TokenStreamTest)  Time elapsed: 0 sectestEscape(ch.qos.logback.core.pattern.parser.TokenStreamTest)  Time elapsed: 0 sectestOptions(ch.qos.logback.core.pattern.parser.TokenStreamTest)  Time elapsed: 0 sectestSimpleP(ch.qos.logback.core.pattern.parser.TokenStreamTest)  Time elapsed: 0 sectestSimpleP2(ch.qos.logback.core.pattern.parser.TokenStreamTest)  Time elapsed: 0 sectestLiteralWithPercent(ch.qos.logback.core.pattern.parser.TokenStreamTest)  Time elapsed: 0 sectestMultipleRecursion(ch.qos.logback.core.pattern.parser.TokenStreamTest)  Time elapsed: 0 sectestEscapedParanteheses(ch.qos.logback.core.pattern.parser.TokenStreamTest)  Time elapsed: 0 sectestWindowsLikeBackSlashes(ch.qos.logback.core.pattern.parser.TokenStreamTest)  Time elapsed: 0 sec