-------------------------------------------------------------------------------
Test set: ch.qos.logback.core.util.ContentTypeUtilTest
-------------------------------------------------------------------------------
Tests run: 3, Failures: 0, Errors: 0, Skipped: 0, Time elapsed: 0.002 sec
smoke(ch.qos.logback.core.util.ContentTypeUtilTest)  Time elapsed: 0 secemptySubtype(ch.qos.logback.core.util.ContentTypeUtilTest)  Time elapsed: 0 secnullContext(ch.qos.logback.core.util.ContentTypeUtilTest)  Time elapsed: 0 sec