-------------------------------------------------------------------------------
Test set: ch.qos.logback.core.joran.TrivialConfiguratorTest
-------------------------------------------------------------------------------
Tests run: 5, Failures: 0, Errors: 0, Skipped: 0, Time elapsed: 0.2 sec
smoke(ch.qos.logback.core.joran.TrivialConfiguratorTest)  Time elapsed: 0 secinexistentFile(ch.qos.logback.core.joran.TrivialConfiguratorTest)  Time elapsed: 0 seclbcore127(ch.qos.logback.core.joran.TrivialConfiguratorTest)  Time elapsed: 0 seclbcore105(ch.qos.logback.core.joran.TrivialConfiguratorTest)  Time elapsed: 0 secillFormedXML(ch.qos.logback.core.joran.TrivialConfiguratorTest)  Time elapsed: 0 sec