-------------------------------------------------------------------------------
Test set: ch.qos.logback.core.joran.action.PropertyActionTest
-------------------------------------------------------------------------------
Tests run: 11, Failures: 0, Errors: 0, Skipped: 0, Time elapsed: 0.109 sec
testLoadResource(ch.qos.logback.core.joran.action.PropertyActionTest)  Time elapsed: 0 sectestLoadNotPossible(ch.qos.logback.core.joran.action.PropertyActionTest)  Time elapsed: 0 sectestFileNotLoaded(ch.qos.logback.core.joran.action.PropertyActionTest)  Time elapsed: 0 secnameValuePair(ch.qos.logback.core.joran.action.PropertyActionTest)  Time elapsed: 0 sectestLoadFileWithPrerequisiteSubsitution(ch.qos.logback.core.joran.action.PropertyActionTest)  Time elapsed: 0 sectestLoadResourceWithPrerequisiteSubsitution(ch.qos.logback.core.joran.action.PropertyActionTest)  Time elapsed: 0 secnameValuePairWithPrerequisiteSubsitution(ch.qos.logback.core.joran.action.PropertyActionTest)  Time elapsed: 0 sectestLoadFile(ch.qos.logback.core.joran.action.PropertyActionTest)  Time elapsed: 0 secnoAttributes(ch.qos.logback.core.joran.action.PropertyActionTest)  Time elapsed: 0 secnoValue(ch.qos.logback.core.joran.action.PropertyActionTest)  Time elapsed: 0 secnoName(ch.qos.logback.core.joran.action.PropertyActionTest)  Time elapsed: 0 sec