-------------------------------------------------------------------------------
Test set: ch.qos.logback.core.pattern.parser.ParserTest
-------------------------------------------------------------------------------
Tests run: 11, Failures: 0, Errors: 0, Skipped: 0, Time elapsed: 0.01 sec
testBasic(ch.qos.logback.core.pattern.parser.ParserTest)  Time elapsed: 0 sectestCompositeFormatting(ch.qos.logback.core.pattern.parser.ParserTest)  Time elapsed: 0 seckeywordGluedToLitteral(ch.qos.logback.core.pattern.parser.ParserTest)  Time elapsed: 0 sectestComposite(ch.qos.logback.core.pattern.parser.ParserTest)  Time elapsed: 0 sectestFormattingInfo(ch.qos.logback.core.pattern.parser.ParserTest)  Time elapsed: 0 sectestNested(ch.qos.logback.core.pattern.parser.ParserTest)  Time elapsed: 0 sectestOptions0(ch.qos.logback.core.pattern.parser.ParserTest)  Time elapsed: 0 sectestOptions1(ch.qos.logback.core.pattern.parser.ParserTest)  Time elapsed: 0 seclbcore193(ch.qos.logback.core.pattern.parser.ParserTest)  Time elapsed: 0 sectestKeyword(ch.qos.logback.core.pattern.parser.ParserTest)  Time elapsed: 0 secempty(ch.qos.logback.core.pattern.parser.ParserTest)  Time elapsed: 0 sec