-------------------------------------------------------------------------------
Test set: ch.qos.logback.access.boolex.JaninoEventEvaluatorTest
-------------------------------------------------------------------------------
Tests run: 3, Failures: 0, Errors: 0, Skipped: 0, Time elapsed: 0.258 sec
invalidExpression(ch.qos.logback.access.boolex.JaninoEventEvaluatorTest)  Time elapsed: 0.123 secsmoke(ch.qos.logback.access.boolex.JaninoEventEvaluatorTest)  Time elapsed: 0.089 secblock(ch.qos.logback.access.boolex.JaninoEventEvaluatorTest)  Time elapsed: 0.003 sec