-------------------------------------------------------------------------------
Test set: ch.qos.logback.access.pattern.ConverterTest
-------------------------------------------------------------------------------
Tests run: 15, Failures: 0, Errors: 0, Skipped: 0, Time elapsed: 0.007 sec
testContentLengthConverter(ch.qos.logback.access.pattern.ConverterTest)  Time elapsed: 0 sectestDateConverter(ch.qos.logback.access.pattern.ConverterTest)  Time elapsed: 0 sectestRequestAttributeConverter(ch.qos.logback.access.pattern.ConverterTest)  Time elapsed: 0 sectestRemoteHostConverter(ch.qos.logback.access.pattern.ConverterTest)  Time elapsed: 0 sectestRemoteIPAddressConverter(ch.qos.logback.access.pattern.ConverterTest)  Time elapsed: 0.001 sectestRemoteUserConverter(ch.qos.logback.access.pattern.ConverterTest)  Time elapsed: 0 sectestRequestCookieConverter(ch.qos.logback.access.pattern.ConverterTest)  Time elapsed: 0.002 sectestRequestHeaderConverter(ch.qos.logback.access.pattern.ConverterTest)  Time elapsed: 0 sectestRequestMethodConverter(ch.qos.logback.access.pattern.ConverterTest)  Time elapsed: 0 sectestRequestProtocolConverter(ch.qos.logback.access.pattern.ConverterTest)  Time elapsed: 0.001 sectestRequestURIConverter(ch.qos.logback.access.pattern.ConverterTest)  Time elapsed: 0 sectestRequestURLConverter(ch.qos.logback.access.pattern.ConverterTest)  Time elapsed: 0 sectestResponseHeaderConverter(ch.qos.logback.access.pattern.ConverterTest)  Time elapsed: 0 sectestServerNameConverter(ch.qos.logback.access.pattern.ConverterTest)  Time elapsed: 0 sectestStatusCodeConverter(ch.qos.logback.access.pattern.ConverterTest)  Time elapsed: 0 sec