-------------------------------------------------------------------------------
Test set: ch.qos.logback.classic.turbo.DuplicateMessageFilterTest
-------------------------------------------------------------------------------
Tests run: 4, Failures: 0, Errors: 0, Skipped: 0, Time elapsed: 0 sec
nullFormat(ch.qos.logback.classic.turbo.DuplicateMessageFilterTest)  Time elapsed: 0 secmemoryLoss(ch.qos.logback.classic.turbo.DuplicateMessageFilterTest)  Time elapsed: 0 secsmoke(ch.qos.logback.classic.turbo.DuplicateMessageFilterTest)  Time elapsed: 0 secmany(ch.qos.logback.classic.turbo.DuplicateMessageFilterTest)  Time elapsed: 0 sec