-------------------------------------------------------------------------------
Test set: ch.qos.logback.classic.sift.GSiftingAppenderTest
-------------------------------------------------------------------------------
Tests run: 3, Failures: 0, Errors: 0, Skipped: 0, Time elapsed: 0.229 sec
noDiscriminator(ch.qos.logback.classic.sift.GSiftingAppenderTest)  Time elapsed: 0.068 secsample0(ch.qos.logback.classic.sift.GSiftingAppenderTest)  Time elapsed: 0.077 secsample1(ch.qos.logback.classic.sift.GSiftingAppenderTest)  Time elapsed: 0.08 sec