-------------------------------------------------------------------------------
Test set: ch.qos.logback.classic.boolex.GEventEvaluatorTest
-------------------------------------------------------------------------------
Tests run: 11, Failures: 0, Errors: 0, Skipped: 0, Time elapsed: 1.481 sec
mdc(ch.qos.logback.classic.boolex.GEventEvaluatorTest)  Time elapsed: 0.809 secstartMakesIsStartedReturnTrue(ch.qos.logback.classic.boolex.GEventEvaluatorTest)  Time elapsed: 0.032 seclevel(ch.qos.logback.classic.boolex.GEventEvaluatorTest)  Time elapsed: 0.049 secsmoke(ch.qos.logback.classic.boolex.GEventEvaluatorTest)  Time elapsed: 0.033 secmsgRegex(ch.qos.logback.classic.boolex.GEventEvaluatorTest)  Time elapsed: 0.055 secnullMarker(ch.qos.logback.classic.boolex.GEventEvaluatorTest)  Time elapsed: 0.024 secmarker(ch.qos.logback.classic.boolex.GEventEvaluatorTest)  Time elapsed: 0.03 secnullMDC(ch.qos.logback.classic.boolex.GEventEvaluatorTest)  Time elapsed: 0.037 seccallerData(ch.qos.logback.classic.boolex.GEventEvaluatorTest)  Time elapsed: 0.035 secperfTest(ch.qos.logback.classic.boolex.GEventEvaluatorTest)  Time elapsed: 0.347 secevent(ch.qos.logback.classic.boolex.GEventEvaluatorTest)  Time elapsed: 0.022 sec