-------------------------------------------------------------------------------
Test set: ch.qos.logback.classic.turbo.ReconfigureOnChangeTest
-------------------------------------------------------------------------------
Tests run: 10, Failures: 0, Errors: 0, Skipped: 0, Time elapsed: 3.587 sec
fallbackToSafeWithIncludedFile(ch.qos.logback.classic.turbo.ReconfigureOnChangeTest)  Time elapsed: 0.324 secfallbackToSafe(ch.qos.logback.classic.turbo.ReconfigureOnChangeTest)  Time elapsed: 0.269 secscan_lbclassic154(ch.qos.logback.classic.turbo.ReconfigureOnChangeTest)  Time elapsed: 0.31 secdirectPerfTest(ch.qos.logback.classic.turbo.ReconfigureOnChangeTest)  Time elapsed: 0.276 secindirectPerfTest(ch.qos.logback.classic.turbo.ReconfigureOnChangeTest)  Time elapsed: 0.056 secscan1(ch.qos.logback.classic.turbo.ReconfigureOnChangeTest)  Time elapsed: 0.304 secgscan1(ch.qos.logback.classic.turbo.ReconfigureOnChangeTest)  Time elapsed: 0.426 secscanWithFileInclusion(ch.qos.logback.classic.turbo.ReconfigureOnChangeTest)  Time elapsed: 0.308 secscanWithResourceInclusion(ch.qos.logback.classic.turbo.ReconfigureOnChangeTest)  Time elapsed: 0.31 secincludeScanViaInputStreamSuppliedConfigFile(ch.qos.logback.classic.turbo.ReconfigureOnChangeTest)  Time elapsed: 1.003 sec