-------------------------------------------------------------------------------
Test set: ch.qos.logback.classic.util.LogbackMDCAdapterTest
-------------------------------------------------------------------------------
Tests run: 8, Failures: 0, Errors: 0, Skipped: 0, Time elapsed: 0.012 sec
sequenceWithGetPropertyMap(ch.qos.logback.classic.util.LogbackMDCAdapterTest)  Time elapsed: 0 seccopyOnInheritenceTest(ch.qos.logback.classic.util.LogbackMDCAdapterTest)  Time elapsed: 0 secclearOnChildThreadShouldNotAffectParent(ch.qos.logback.classic.util.LogbackMDCAdapterTest)  Time elapsed: 0 seclbclassic77Test(ch.qos.logback.classic.util.LogbackMDCAdapterTest)  Time elapsed: 0.001 secremoveInexistentKey(ch.qos.logback.classic.util.LogbackMDCAdapterTest)  Time elapsed: 0 secsequenceWithGet(ch.qos.logback.classic.util.LogbackMDCAdapterTest)  Time elapsed: 0 secremoveForNullKeyTest(ch.qos.logback.classic.util.LogbackMDCAdapterTest)  Time elapsed: 0 secnearSimultaneousPutsShouldNotCauseConcurrentModificationException(ch.qos.logback.classic.util.LogbackMDCAdapterTest)  Time elapsed: 0.008 sec