-------------------------------------------------------------------------------
Test set: ch.qos.logback.classic.LoggerContextTest
-------------------------------------------------------------------------------
Tests run: 14, Failures: 0, Errors: 0, Skipped: 0, Time elapsed: 0.006 sec
testStatusWithUnconfiguredContext(ch.qos.logback.classic.LoggerContextTest)  Time elapsed: 0 sectestDotDot(ch.qos.logback.classic.LoggerContextTest)  Time elapsed: 0.002 sectestEmpty(ch.qos.logback.classic.LoggerContextTest)  Time elapsed: 0 sectestNull(ch.qos.logback.classic.LoggerContextTest)  Time elapsed: 0 sectestLoggerX(ch.qos.logback.classic.LoggerContextTest)  Time elapsed: 0 sectestLoggerXY(ch.qos.logback.classic.LoggerContextTest)  Time elapsed: 0 secresetTest(ch.qos.logback.classic.LoggerContextTest)  Time elapsed: 0 seclevelResetTest(ch.qos.logback.classic.LoggerContextTest)  Time elapsed: 0 secresetTest_LBCORE_104(ch.qos.logback.classic.LoggerContextTest)  Time elapsed: 0.001 sectestMultiLevel(ch.qos.logback.classic.LoggerContextTest)  Time elapsed: 0 sectestRootGetLogger(ch.qos.logback.classic.LoggerContextTest)  Time elapsed: 0 sectestLoggerMultipleChildren(ch.qos.logback.classic.LoggerContextTest)  Time elapsed: 0.001 secturboFilterStopOnReset(ch.qos.logback.classic.LoggerContextTest)  Time elapsed: 0 secevaluatorMapPostReset(ch.qos.logback.classic.LoggerContextTest)  Time elapsed: 0 sec