-------------------------------------------------------------------------------
Test set: ch.qos.logback.classic.spi.ThrowableProxyTest
-------------------------------------------------------------------------------
Tests run: 6, Failures: 0, Errors: 0, Skipped: 0, Time elapsed: 0.037 sec
suppressedWithCause(ch.qos.logback.classic.spi.ThrowableProxyTest)  Time elapsed: 0.004 secmultiNested(ch.qos.logback.classic.spi.ThrowableProxyTest)  Time elapsed: 0.008 secnullSTE(ch.qos.logback.classic.spi.ThrowableProxyTest)  Time elapsed: 0 secsuppressed(ch.qos.logback.classic.spi.ThrowableProxyTest)  Time elapsed: 0.008 secsmoke(ch.qos.logback.classic.spi.ThrowableProxyTest)  Time elapsed: 0.009 secnested(ch.qos.logback.classic.spi.ThrowableProxyTest)  Time elapsed: 0.006 sec