-------------------------------------------------------------------------------
Test set: ch.qos.logback.classic.boolex.JaninoEventEvaluatorTest
-------------------------------------------------------------------------------
Tests run: 16, Failures: 0, Errors: 0, Skipped: 0, Time elapsed: 0.357 sec
evaluatorFilterWithNullMarker_LBCORE_118(ch.qos.logback.classic.boolex.JaninoEventEvaluatorTest)  Time elapsed: 0.257 secwithNullMarker_LBCORE_118(ch.qos.logback.classic.boolex.JaninoEventEvaluatorTest)  Time elapsed: 0.003 secthrowable_LBCLASSIC_155_I(ch.qos.logback.classic.boolex.JaninoEventEvaluatorTest)  Time elapsed: 0.013 secthrowable_LBCLASSIC_155_II(ch.qos.logback.classic.boolex.JaninoEventEvaluatorTest)  Time elapsed: 0.006 secmarker(ch.qos.logback.classic.boolex.JaninoEventEvaluatorTest)  Time elapsed: 0.004 secnullMDC(ch.qos.logback.classic.boolex.JaninoEventEvaluatorTest)  Time elapsed: 0.003 sectestBasic(ch.qos.logback.classic.boolex.JaninoEventEvaluatorTest)  Time elapsed: 0.003 sectestLevel(ch.qos.logback.classic.boolex.JaninoEventEvaluatorTest)  Time elapsed: 0.006 secmdcAsString(ch.qos.logback.classic.boolex.JaninoEventEvaluatorTest)  Time elapsed: 0.004 sectestComplex(ch.qos.logback.classic.boolex.JaninoEventEvaluatorTest)  Time elapsed: 0.003 sectestLoop1(ch.qos.logback.classic.boolex.JaninoEventEvaluatorTest)  Time elapsed: 0.016 sectestLoop2(ch.qos.logback.classic.boolex.JaninoEventEvaluatorTest)  Time elapsed: 0.022 sectesttimeStamp(ch.qos.logback.classic.boolex.JaninoEventEvaluatorTest)  Time elapsed: 0.003 sectestWithMatcher(ch.qos.logback.classic.boolex.JaninoEventEvaluatorTest)  Time elapsed: 0.003 sectestBogusExp1(ch.qos.logback.classic.boolex.JaninoEventEvaluatorTest)  Time elapsed: 0.004 sectestBogusExp2(ch.qos.logback.classic.boolex.JaninoEventEvaluatorTest)  Time elapsed: 0.003 sec