-------------------------------------------------------------------------------
Test set: ch.qos.logback.classic.PatternLayoutTest
-------------------------------------------------------------------------------
Tests run: 16, Failures: 0, Errors: 0, Skipped: 0, Time elapsed: 0.04 sec
testOK(ch.qos.logback.classic.PatternLayoutTest)  Time elapsed: 0.001 sectestWithParenthesis(ch.qos.logback.classic.PatternLayoutTest)  Time elapsed: 0 seccontextNameTest(ch.qos.logback.classic.PatternLayoutTest)  Time elapsed: 0 secsomekeReplace(ch.qos.logback.classic.PatternLayoutTest)  Time elapsed: 0 sectestCompositePattern(ch.qos.logback.classic.PatternLayoutTest)  Time elapsed: 0 secreplaceWithJoran(ch.qos.logback.classic.PatternLayoutTest)  Time elapsed: 0.005 sectestConversionRuleSupportInPatternLayout(ch.qos.logback.classic.PatternLayoutTest)  Time elapsed: 0.004 sectestWithLettersComingFromLog4j(ch.qos.logback.classic.PatternLayoutTest)  Time elapsed: 0.001 seccontextProperty(ch.qos.logback.classic.PatternLayoutTest)  Time elapsed: 0 sectestNopExeptionHandler(ch.qos.logback.classic.PatternLayoutTest)  Time elapsed: 0 sectestNoExeptionHandler(ch.qos.logback.classic.PatternLayoutTest)  Time elapsed: 0 sectestStarted(ch.qos.logback.classic.PatternLayoutTest)  Time elapsed: 0 sectestUnStarted(ch.qos.logback.classic.PatternLayoutTest)  Time elapsed: 0 sectestConverterStart(ch.qos.logback.classic.PatternLayoutTest)  Time elapsed: 0.001 sectestNullPattern(ch.qos.logback.classic.PatternLayoutTest)  Time elapsed: 0 sectestEmptyPattern(ch.qos.logback.classic.PatternLayoutTest)  Time elapsed: 0.001 sec