-------------------------------------------------------------------------------
Test set: ch.qos.logback.classic.gaffer.ConfigurationDelegateTest
-------------------------------------------------------------------------------
Tests run: 17, Failures: 0, Errors: 0, Skipped: 0, Time elapsed: 0.415 sec
timestampWithContextBirthAsReference(ch.qos.logback.classic.gaffer.ConfigurationDelegateTest)  Time elapsed: 0.028 secloggerAdditivittWithEmptyList(ch.qos.logback.classic.gaffer.ConfigurationDelegateTest)  Time elapsed: 0.01 seccontextAwareMixin(ch.qos.logback.classic.gaffer.ConfigurationDelegateTest)  Time elapsed: 0.001 secloggerWithoutName(ch.qos.logback.classic.gaffer.ConfigurationDelegateTest)  Time elapsed: 0 secloggerSetLevel(ch.qos.logback.classic.gaffer.ConfigurationDelegateTest)  Time elapsed: 0 secloggerAppenderRef(ch.qos.logback.classic.gaffer.ConfigurationDelegateTest)  Time elapsed: 0.011 secloggerAdditivity(ch.qos.logback.classic.gaffer.ConfigurationDelegateTest)  Time elapsed: 0 secroot_WithList(ch.qos.logback.classic.gaffer.ConfigurationDelegateTest)  Time elapsed: 0.004 secappenderWithEncoder(ch.qos.logback.classic.gaffer.ConfigurationDelegateTest)  Time elapsed: 0.106 secappenderRolling(ch.qos.logback.classic.gaffer.ConfigurationDelegateTest)  Time elapsed: 0.096 secwithSizeAndTimeBasedFNATP(ch.qos.logback.classic.gaffer.ConfigurationDelegateTest)  Time elapsed: 0.031 secroot_LEVEL(ch.qos.logback.classic.gaffer.ConfigurationDelegateTest)  Time elapsed: 0 secappender0(ch.qos.logback.classic.gaffer.ConfigurationDelegateTest)  Time elapsed: 0.004 secappender1(ch.qos.logback.classic.gaffer.ConfigurationDelegateTest)  Time elapsed: 0.006 secappenderSMTP(ch.qos.logback.classic.gaffer.ConfigurationDelegateTest)  Time elapsed: 0.062 sectimestamp(ch.qos.logback.classic.gaffer.ConfigurationDelegateTest)  Time elapsed: 0.004 secscan(ch.qos.logback.classic.gaffer.ConfigurationDelegateTest)  Time elapsed: 0.019 sec