-------------------------------------------------------------------------------
Test set: ch.qos.logback.classic.pattern.ConverterTest
-------------------------------------------------------------------------------
Tests run: 17, Failures: 0, Errors: 0, Skipped: 0, Time elapsed: 0.033 sec
testClass(ch.qos.logback.classic.pattern.ConverterTest)  Time elapsed: 0.002 sectestException(ch.qos.logback.classic.pattern.ConverterTest)  Time elapsed: 0.002 sectestLineSeparator(ch.qos.logback.classic.pattern.ConverterTest)  Time elapsed: 0.002 sectestLineOfCaller(ch.qos.logback.classic.pattern.ConverterTest)  Time elapsed: 0.002 sectestMethodOfCaller(ch.qos.logback.classic.pattern.ConverterTest)  Time elapsed: 0.002 sectestFileOfCaller(ch.qos.logback.classic.pattern.ConverterTest)  Time elapsed: 0.002 sectestCallerData(ch.qos.logback.classic.pattern.ConverterTest)  Time elapsed: 0.001 sectestRelativeTime(ch.qos.logback.classic.pattern.ConverterTest)  Time elapsed: 0.003 sectestSyslogStart(ch.qos.logback.classic.pattern.ConverterTest)  Time elapsed: 0.002 sectestMDCConverter(ch.qos.logback.classic.pattern.ConverterTest)  Time elapsed: 0.002 seccontextNameConverter(ch.qos.logback.classic.pattern.ConverterTest)  Time elapsed: 0.001 sectestMessage(ch.qos.logback.classic.pattern.ConverterTest)  Time elapsed: 0.002 sectestThread(ch.qos.logback.classic.pattern.ConverterTest)  Time elapsed: 0.001 sectestLevel(ch.qos.logback.classic.pattern.ConverterTest)  Time elapsed: 0.002 seccontextProperty(ch.qos.logback.classic.pattern.ConverterTest)  Time elapsed: 0.001 sectestLogger(ch.qos.logback.classic.pattern.ConverterTest)  Time elapsed: 0.002 sectestVeryLongLoggerName(ch.qos.logback.classic.pattern.ConverterTest)  Time elapsed: 0.002 sec