-------------------------------------------------------------------------------
Test set: ch.qos.logback.classic.db.names.DefaultDBNameResolverTest
-------------------------------------------------------------------------------
Tests run: 4, Failures: 0, Errors: 0, Skipped: 0, Time elapsed: 0.006 sec
testGetLoggingEventColumnName(ch.qos.logback.classic.db.names.DefaultDBNameResolverTest)  Time elapsed: 0.006 sectestGetTableName(ch.qos.logback.classic.db.names.DefaultDBNameResolverTest)  Time elapsed: 0 sectestGetLoggingEventPropertyColumnName(ch.qos.logback.classic.db.names.DefaultDBNameResolverTest)  Time elapsed: 0 sectestGetLoggingEventExceptionColumnName(ch.qos.logback.classic.db.names.DefaultDBNameResolverTest)  Time elapsed: 0 sec