-------------------------------------------------------------------------------
Test set: ch.qos.logback.classic.rolling.TimeBasedRollingWithConfigFileTest
-------------------------------------------------------------------------------
Tests run: 2, Failures: 0, Errors: 0, Skipped: 0, Time elapsed: 0.033 sec
basic(ch.qos.logback.classic.rolling.TimeBasedRollingWithConfigFileTest)  Time elapsed: 0.012 sectimeAndSize(ch.qos.logback.classic.rolling.TimeBasedRollingWithConfigFileTest)  Time elapsed: 0.02 sec