-------------------------------------------------------------------------------
Test set: ch.qos.logback.classic.jul.LevelChangePropagatorTest
-------------------------------------------------------------------------------
Tests run: 3, Failures: 0, Errors: 0, Skipped: 0, Time elapsed: 0.078 sec
smoke(ch.qos.logback.classic.jul.LevelChangePropagatorTest)  Time elapsed: 0 secgc(ch.qos.logback.classic.jul.LevelChangePropagatorTest)  Time elapsed: 0.077 secroot(ch.qos.logback.classic.jul.LevelChangePropagatorTest)  Time elapsed: 0 sec