-------------------------------------------------------------------------------
Test set: ch.qos.logback.classic.turbo.MarkerFilterTest
-------------------------------------------------------------------------------
Tests run: 3, Failures: 0, Errors: 0, Skipped: 0, Time elapsed: 0 sec
testComposite(ch.qos.logback.classic.turbo.MarkerFilterTest)  Time elapsed: 0 sectestNoMarker(ch.qos.logback.classic.turbo.MarkerFilterTest)  Time elapsed: 0 sectestBasic(ch.qos.logback.classic.turbo.MarkerFilterTest)  Time elapsed: 0 sec