-------------------------------------------------------------------------------
Test set: ch.qos.logback.classic.sift.SiftingAppenderTest
-------------------------------------------------------------------------------
Tests run: 6, Failures: 0, Errors: 0, Skipped: 0, Time elapsed: 0.039 sec
defaultLayoutRule(ch.qos.logback.classic.sift.SiftingAppenderTest)  Time elapsed: 0.003 secmultipleNesting(ch.qos.logback.classic.sift.SiftingAppenderTest)  Time elapsed: 0.006 sectestWholeCycle(ch.qos.logback.classic.sift.SiftingAppenderTest)  Time elapsed: 0.005 seczeroNesting(ch.qos.logback.classic.sift.SiftingAppenderTest)  Time elapsed: 0.005 secsmoke(ch.qos.logback.classic.sift.SiftingAppenderTest)  Time elapsed: 0.012 secunsetDefaultValueProperty(ch.qos.logback.classic.sift.SiftingAppenderTest)  Time elapsed: 0.006 sec