-------------------------------------------------------------------------------
Test set: ch.qos.logback.classic.joran.EvaluatorJoranTest
-------------------------------------------------------------------------------
Tests run: 3, Failures: 0, Errors: 0, Skipped: 0, Time elapsed: 0.024 sec
testIgnoreMarker(ch.qos.logback.classic.joran.EvaluatorJoranTest)  Time elapsed: 0.011 sectestSimpleEvaluator(ch.qos.logback.classic.joran.EvaluatorJoranTest)  Time elapsed: 0.009 sectestMultipleConditionsInExpression(ch.qos.logback.classic.joran.EvaluatorJoranTest)  Time elapsed: 0.003 sec