-------------------------------------------------------------------------------
Test set: ch.qos.logback.classic.selector.ContextJNDISelectorTest
-------------------------------------------------------------------------------
Tests run: 3, Failures: 0, Errors: 0, Skipped: 0, Time elapsed: 0.009 sec
testCreateContext(ch.qos.logback.classic.selector.ContextJNDISelectorTest)  Time elapsed: 0.002 sectestGetExistingContext(ch.qos.logback.classic.selector.ContextJNDISelectorTest)  Time elapsed: 0.003 secdefaultContext(ch.qos.logback.classic.selector.ContextJNDISelectorTest)  Time elapsed: 0.003 sec