-------------------------------------------------------------------------------
Test set: ch.qos.logback.classic.db.names.SimpleDBNameResolverTest
-------------------------------------------------------------------------------
Tests run: 8, Failures: 0, Errors: 0, Skipped: 0, Time elapsed: 0.002 sec
shouldReturnColumnNameWithBothPrefixAndSuffix(ch.qos.logback.classic.db.names.SimpleDBNameResolverTest)  Time elapsed: 0 secshouldReturnTableNameWithPrefix(ch.qos.logback.classic.db.names.SimpleDBNameResolverTest)  Time elapsed: 0 secshouldReturnTableNameWithSuffix(ch.qos.logback.classic.db.names.SimpleDBNameResolverTest)  Time elapsed: 0.001 secshouldReturnColumnNameWithPrefix(ch.qos.logback.classic.db.names.SimpleDBNameResolverTest)  Time elapsed: 0 secshouldReturnColumnNameWithSuffix(ch.qos.logback.classic.db.names.SimpleDBNameResolverTest)  Time elapsed: 0 secshouldHandleNullsAsEmptyStrings(ch.qos.logback.classic.db.names.SimpleDBNameResolverTest)  Time elapsed: 0 secshouldReturnTableAndColumnNamesWithBothPrefixAndSuffix(ch.qos.logback.classic.db.names.SimpleDBNameResolverTest)  Time elapsed: 0 secshouldReturnTableNameWithBothPrefixAndSuffix(ch.qos.logback.classic.db.names.SimpleDBNameResolverTest)  Time elapsed: 0 sec