-------------------------------------------------------------------------------
Test set: ch.qos.logback.classic.LoggerTest
-------------------------------------------------------------------------------
Tests run: 16, Failures: 0, Errors: 0, Skipped: 0, Time elapsed: 0.007 sec
innerClass_I(ch.qos.logback.classic.LoggerTest)  Time elapsed: 0 secsmoke(ch.qos.logback.classic.LoggerTest)  Time elapsed: 0.001 sectestNoStart(ch.qos.logback.classic.LoggerTest)  Time elapsed: 0 sectestAdditive(ch.qos.logback.classic.LoggerTest)  Time elapsed: 0 secsetLevelToNull_LBCLASSIC_91(ch.qos.logback.classic.LoggerTest)  Time elapsed: 0 sectestEnabled_Info(ch.qos.logback.classic.LoggerTest)  Time elapsed: 0 sectestEnabled_Debug(ch.qos.logback.classic.LoggerTest)  Time elapsed: 0 sectestEnabled_All(ch.qos.logback.classic.LoggerTest)  Time elapsed: 0 secinnerClass_II(ch.qos.logback.classic.LoggerTest)  Time elapsed: 0.001 sectestBasicFiltering(ch.qos.logback.classic.LoggerTest)  Time elapsed: 0 sectestRootLogger(ch.qos.logback.classic.LoggerTest)  Time elapsed: 0 sectestEnabledX_Warn(ch.qos.logback.classic.LoggerTest)  Time elapsed: 0 sectestEnabledX_Off(ch.qos.logback.classic.LoggerTest)  Time elapsed: 0 secsetRootLevelToNull(ch.qos.logback.classic.LoggerTest)  Time elapsed: 0 secsetLevelToNull_A(ch.qos.logback.classic.LoggerTest)  Time elapsed: 0 secsetLevelToNull_B(ch.qos.logback.classic.LoggerTest)  Time elapsed: 0 sec