-------------------------------------------------------------------------------
Test set: ch.qos.logback.classic.joran.JoranConfiguratorTest
-------------------------------------------------------------------------------
Tests run: 24, Failures: 0, Errors: 0, Skipped: 1, Time elapsed: 0.179 sec
level(ch.qos.logback.classic.joran.JoranConfiguratorTest)  Time elapsed: 0.005 secadditivity(ch.qos.logback.classic.joran.JoranConfiguratorTest)  Time elapsed: 0.004 secturboFilter(ch.qos.logback.classic.joran.JoranConfiguratorTest)  Time elapsed: 0.01 secstatusListener(ch.qos.logback.classic.joran.JoranConfiguratorTest)  Time elapsed: 0.006 secrootLoggerLevelSettingBySystemProperty(ch.qos.logback.classic.joran.JoranConfiguratorTest)  Time elapsed: 0.005 secautoscanShouldReconfigureOnFileChange(ch.qos.logback.classic.joran.JoranConfiguratorTest)  Time elapsed: 0.022 secsysProps(ch.qos.logback.classic.joran.JoranConfiguratorTest)  Time elapsed: 0.006 seclbcore193(ch.qos.logback.classic.joran.JoranConfiguratorTest)  Time elapsed: 0.007 secsimpleList(ch.qos.logback.classic.joran.JoranConfiguratorTest)  Time elapsed: 0.007 seceval(ch.qos.logback.classic.joran.JoranConfiguratorTest)  Time elapsed: 0.011 sectestEvaluatorFilter(ch.qos.logback.classic.joran.JoranConfiguratorTest)  Time elapsed: 0.01 sectestLevelFilter(ch.qos.logback.classic.joran.JoranConfiguratorTest)  Time elapsed: 0.008 seccontextRename(ch.qos.logback.classic.joran.JoranConfiguratorTest)  Time elapsed: 0.004 secencoderCharset(ch.qos.logback.classic.joran.JoranConfiguratorTest)  Time elapsed: 0.007 seconConsoleRetro(ch.qos.logback.classic.joran.JoranConfiguratorTest) skippedappenderRefSettingBySystemProperty(ch.qos.logback.classic.joran.JoranConfiguratorTest)  Time elapsed: 0.005 secloggerLevelSettingBySystemProperty(ch.qos.logback.classic.joran.JoranConfiguratorTest)  Time elapsed: 0.004 sectestTurboFilterWithStringList(ch.qos.logback.classic.joran.JoranConfiguratorTest)  Time elapsed: 0.009 sectestTurboDynamicThreshold(ch.qos.logback.classic.joran.JoranConfiguratorTest)  Time elapsed: 0.014 sectestTurboDynamicThreshold2(ch.qos.logback.classic.joran.JoranConfiguratorTest)  Time elapsed: 0.006 seclevelChangePropagator0(ch.qos.logback.classic.joran.JoranConfiguratorTest)  Time elapsed: 0.01 seclevelChangePropagator1(ch.qos.logback.classic.joran.JoranConfiguratorTest)  Time elapsed: 0.005 sectimestamp(ch.qos.logback.classic.joran.JoranConfiguratorTest)  Time elapsed: 0.005 secproperties(ch.qos.logback.classic.joran.JoranConfiguratorTest)  Time elapsed: 0.005 sec