-------------------------------------------------------------------------------
Test set: ch.qos.logback.classic.boolex.OnMarkerEvaluatorTest
-------------------------------------------------------------------------------
Tests run: 3, Failures: 0, Errors: 0, Skipped: 0, Time elapsed: 0.001 sec
nullMarkerInEvaluator(ch.qos.logback.classic.boolex.OnMarkerEvaluatorTest)  Time elapsed: 0 secsmoke(ch.qos.logback.classic.boolex.OnMarkerEvaluatorTest)  Time elapsed: 0 secnullMarkerInEvent(ch.qos.logback.classic.boolex.OnMarkerEvaluatorTest)  Time elapsed: 0 sec