-------------------------------------------------------------------------------
Test set: ch.qos.logback.classic.TurboFilteringInLoggerTest
-------------------------------------------------------------------------------
Tests run: 13, Failures: 0, Errors: 0, Skipped: 0, Time elapsed: 0.004 sec
testIsWarnEnabledWithYesFilter(ch.qos.logback.classic.TurboFilteringInLoggerTest)  Time elapsed: 0 sectestIsErrorEnabledWithYesFilter(ch.qos.logback.classic.TurboFilteringInLoggerTest)  Time elapsed: 0 sectestIsInfoEnabledWithYesFilter(ch.qos.logback.classic.TurboFilteringInLoggerTest)  Time elapsed: 0 sectestIsDebugEnabledWithYesFilter(ch.qos.logback.classic.TurboFilteringInLoggerTest)  Time elapsed: 0 sectestIsEnabledForWithYesFilter(ch.qos.logback.classic.TurboFilteringInLoggerTest)  Time elapsed: 0 sectestIsDebugEnabledWithNoFilter(ch.qos.logback.classic.TurboFilteringInLoggerTest)  Time elapsed: 0 sectestIsInfoEnabledWithNoFilter(ch.qos.logback.classic.TurboFilteringInLoggerTest)  Time elapsed: 0 sectestIsWarnEnabledWithNoFilter(ch.qos.logback.classic.TurboFilteringInLoggerTest)  Time elapsed: 0 sectestIsErrorEnabledWithNoFilter(ch.qos.logback.classic.TurboFilteringInLoggerTest)  Time elapsed: 0 sectestIsErrorEnabledWithDenyBlueFilter(ch.qos.logback.classic.TurboFilteringInLoggerTest)  Time elapsed: 0 sectestLoggingContextReset(ch.qos.logback.classic.TurboFilteringInLoggerTest)  Time elapsed: 0 sectestIsEnabledForWithNoFilter(ch.qos.logback.classic.TurboFilteringInLoggerTest)  Time elapsed: 0 sectestIsErrorEnabledWithAcceptBlueFilter(ch.qos.logback.classic.TurboFilteringInLoggerTest)  Time elapsed: 0 sec