-------------------------------------------------------------------------------
Test set: ch.qos.logback.classic.db.DBAppenderIntegrationTest
-------------------------------------------------------------------------------
Tests run: 5, Failures: 0, Errors: 0, Skipped: 1, Time elapsed: 0.012 sec
oracle11g(ch.qos.logback.classic.db.DBAppenderIntegrationTest) skippedsqlserver(ch.qos.logback.classic.db.DBAppenderIntegrationTest)  Time elapsed: 0.001 secoracle10g(ch.qos.logback.classic.db.DBAppenderIntegrationTest)  Time elapsed: 0 secmysql(ch.qos.logback.classic.db.DBAppenderIntegrationTest)  Time elapsed: 0.001 secpostgres(ch.qos.logback.classic.db.DBAppenderIntegrationTest)  Time elapsed: 0 sec