-------------------------------------------------------------------------------
Test set: ch.qos.logback.classic.net.JMSQueueAppenderTest
-------------------------------------------------------------------------------
Tests run: 5, Failures: 0, Errors: 0, Skipped: 0, Time elapsed: 0.029 sec
testAppendOk(ch.qos.logback.classic.net.JMSQueueAppenderTest)  Time elapsed: 0.026 sectestStartFails(ch.qos.logback.classic.net.JMSQueueAppenderTest)  Time elapsed: 0.001 sectestStartUserPass(ch.qos.logback.classic.net.JMSQueueAppenderTest)  Time elapsed: 0 sectestStartMinimalInfo(ch.qos.logback.classic.net.JMSQueueAppenderTest)  Time elapsed: 0 sectestAppendFailure(ch.qos.logback.classic.net.JMSQueueAppenderTest)  Time elapsed: 0.001 sec